<?xml version="1.0" encoding="UTF-8"?>
<!-- Generated by org.testng.reporters.JUnitReportReporter -->
<testsuite hostname="DESKTOP-52184BI" failures="0" tests="1" name="com.qa.test.ForeignPlayerTest" time="0.024" errors="0" timestamp="2023-01-24T22:14:20 IST" skipped="0">
  <testcase classname="com.qa.test.ForeignPlayerTest" name="foreignPlayersTest" time="0.024"/>
  <system-out/>
</testsuite> <!-- com.qa.test.ForeignPlayerTest -->
