<?xml version="1.0" encoding="UTF-8"?>
<!-- Generated by org.testng.reporters.JUnitReportReporter -->
<testsuite hostname="DESKTOP-52184BI" failures="0" tests="1" name="com.qa.test.WicketKeeperTest" time="0.003" errors="0" timestamp="2023-01-24T22:14:20 IST" skipped="0">
  <testcase classname="com.qa.test.WicketKeeperTest" name="wicketKeeperTest" time="0.003"/>
  <system-out/>
</testsuite> <!-- com.qa.test.WicketKeeperTest -->
